Determining if the pthread_create exist failed with the following output:
Change Dir: /home/thomas/Git/altronix/cloud/linq-network/CMakeFiles/CMakeTmp

Run Build Command(s):/usr/bin/gmake cmTC_0e62c/fast 
/usr/bin/gmake -f CMakeFiles/cmTC_0e62c.dir/build.make CMakeFiles/cmTC_0e62c.dir/build
gmake[1]: Entering directory '/home/thomas/Git/altronix/cloud/linq-network/CMakeFiles/CMakeTmp'
Building C object CMakeFiles/cmTC_0e62c.dir/CheckSymbolExists.c.o
/usr/bin/cc    -o CMakeFiles/cmTC_0e62c.dir/CheckSymbolExists.c.o   -c /home/thomas/Git/altronix/cloud/linq-network/CMakeFiles/CMakeTmp/CheckSymbolExists.c
Linking C executable cmTC_0e62c
/usr/bin/cmake -E cmake_link_script CMakeFiles/cmTC_0e62c.dir/link.txt --verbose=1
/usr/bin/cc      CMakeFiles/cmTC_0e62c.dir/CheckSymbolExists.c.o  -o cmTC_0e62c 
/usr/bin/ld: CMakeFiles/cmTC_0e62c.dir/CheckSymbolExists.c.o: in function `main':
CheckSymbolExists.c:(.text+0x16): undefined reference to `pthread_create'
collect2: error: ld returned 1 exit status
gmake[1]: *** [CMakeFiles/cmTC_0e62c.dir/build.make:87: cmTC_0e62c] Error 1
gmake[1]: Leaving directory '/home/thomas/Git/altronix/cloud/linq-network/CMakeFiles/CMakeTmp'
gmake: *** [Makefile:121: cmTC_0e62c/fast] Error 2

File /home/thomas/Git/altronix/cloud/linq-network/CMakeFiles/CMakeTmp/CheckSymbolExists.c:
/* */
#include <pthread.h>

int main(int argc, char** argv)
{
  (void)argv;
#ifndef pthread_create
  return ((int*)(&pthread_create))[argc];
#else
  (void)argc;
  return 0;
#endif
}

Determining if the function pthread_create exists in the pthreads failed with the following output:
Change Dir: /home/thomas/Git/altronix/cloud/linq-network/CMakeFiles/CMakeTmp

Run Build Command(s):/usr/bin/gmake cmTC_ffcfe/fast 
/usr/bin/gmake -f CMakeFiles/cmTC_ffcfe.dir/build.make CMakeFiles/cmTC_ffcfe.dir/build
gmake[1]: Entering directory '/home/thomas/Git/altronix/cloud/linq-network/CMakeFiles/CMakeTmp'
Building C object CMakeFiles/cmTC_ffcfe.dir/CheckFunctionExists.c.o
/usr/bin/cc   -DCHECK_FUNCTION_EXISTS=pthread_create   -o CMakeFiles/cmTC_ffcfe.dir/CheckFunctionExists.c.o   -c /usr/share/cmake/Modules/CheckFunctionExists.c
Linking C executable cmTC_ffcfe
/usr/bin/cmake -E cmake_link_script CMakeFiles/cmTC_ffcfe.dir/link.txt --verbose=1
/usr/bin/cc  -DCHECK_FUNCTION_EXISTS=pthread_create    CMakeFiles/cmTC_ffcfe.dir/CheckFunctionExists.c.o  -o cmTC_ffcfe -lpthreads 
/usr/bin/ld: cannot find -lpthreads
collect2: error: ld returned 1 exit status
gmake[1]: *** [CMakeFiles/cmTC_ffcfe.dir/build.make:87: cmTC_ffcfe] Error 1
gmake[1]: Leaving directory '/home/thomas/Git/altronix/cloud/linq-network/CMakeFiles/CMakeTmp'
gmake: *** [Makefile:121: cmTC_ffcfe/fast] Error 2


